\BOOKMARK [1][]{section.1}{\376\377\000I\000n\000t\000r\000o\000d\000u\000c\000c\000i\000\363\000n}{}% 1
\BOOKMARK [1][]{section.2}{\376\377\000E\000x\000p\000l\000i\000c\000a\000c\000i\000\363\000n\000\040\000d\000e\000l\000\040\000P\000r\000o\000b\000l\000e\000m\000a\000\040\000d\000e\000\040\000A\000s\000i\000g\000n\000a\000c\000i\000\363\000n\000\040\000C\000u\000a\000d\000r\000\341\000t\000i\000c\000a\000\040\000\050\000Q\000A\000P\000\051}{}% 2
\BOOKMARK [2][]{subsection.2.1}{\376\377\000D\000e\000f\000i\000n\000i\000c\000i\000\363\000n\000\040\000F\000o\000r\000m\000a\000l}{section.2}% 3
\BOOKMARK [2][]{subsection.2.2}{\376\377\000C\000o\000m\000p\000l\000e\000j\000i\000d\000a\000d\000\040\000C\000o\000m\000p\000u\000t\000a\000c\000i\000o\000n\000a\000l}{section.2}% 4
\BOOKMARK [2][]{subsection.2.3}{\376\377\000A\000p\000l\000i\000c\000a\000c\000i\000o\000n\000e\000s\000\040\000P\000r\000\341\000c\000t\000i\000c\000a\000s}{section.2}% 5
\BOOKMARK [1][]{section.3}{\376\377\000D\000e\000s\000c\000r\000i\000p\000c\000i\000\363\000n\000\040\000d\000e\000\040\000l\000a\000\040\000M\000e\000t\000a\000h\000e\000u\000r\000\355\000s\000t\000i\000c\000a\000:\000\040\000B\000\372\000s\000q\000u\000e\000d\000a\000\040\000T\000a\000b\000\372}{}% 6
\BOOKMARK [2][]{subsection.3.1}{\376\377\000F\000u\000n\000d\000a\000m\000e\000n\000t\000o\000s\000\040\000T\000e\000\363\000r\000i\000c\000o\000s}{section.3}% 7
\BOOKMARK [2][]{subsection.3.2}{\376\377\000J\000u\000s\000t\000i\000f\000i\000c\000a\000c\000i\000\363\000n\000\040\000d\000e\000\040\000l\000a\000\040\000S\000e\000l\000e\000c\000c\000i\000\363\000n}{section.3}% 8
\BOOKMARK [2][]{subsection.3.3}{\376\377\000C\000o\000m\000p\000o\000n\000e\000n\000t\000e\000s\000\040\000D\000i\000f\000e\000r\000e\000n\000c\000i\000a\000d\000o\000r\000e\000s}{section.3}% 9
\BOOKMARK [3][]{subsubsection.3.3.1}{\376\377\000E\000s\000t\000r\000u\000c\000t\000u\000r\000a\000\040\000d\000e\000\040\000M\000e\000m\000o\000r\000i\000a}{subsection.3.3}% 10
\BOOKMARK [3][]{subsubsection.3.3.2}{\376\377\000L\000i\000s\000t\000a\000\040\000T\000a\000b\000\372}{subsection.3.3}% 11
\BOOKMARK [3][]{subsubsection.3.3.3}{\376\377\000C\000r\000i\000t\000e\000r\000i\000o\000\040\000d\000e\000\040\000A\000s\000p\000i\000r\000a\000c\000i\000\363\000n}{subsection.3.3}% 12
\BOOKMARK [3][]{subsubsection.3.3.4}{\376\377\000E\000s\000t\000r\000a\000t\000e\000g\000i\000a\000s\000\040\000d\000e\000\040\000D\000i\000v\000e\000r\000s\000i\000f\000i\000c\000a\000c\000i\000\363\000n\000\040\000e\000\040\000I\000n\000t\000e\000n\000s\000i\000f\000i\000c\000a\000c\000i\000\363\000n}{subsection.3.3}% 13
\BOOKMARK [1][]{section.4}{\376\377\000M\000o\000d\000e\000l\000a\000m\000i\000e\000n\000t\000o\000\040\000d\000e\000l\000\040\000P\000r\000o\000b\000l\000e\000m\000a\000\040\000c\000o\000n\000\040\000l\000a\000\040\000M\000e\000t\000a\000h\000e\000u\000r\000\355\000s\000t\000i\000c\000a}{}% 14
\BOOKMARK [2][]{subsection.4.1}{\376\377\000R\000e\000p\000r\000e\000s\000e\000n\000t\000a\000c\000i\000\363\000n\000\040\000d\000e\000\040\000l\000a\000\040\000S\000o\000l\000u\000c\000i\000\363\000n}{section.4}% 15
\BOOKMARK [2][]{subsection.4.2}{\376\377\000M\000a\000n\000e\000j\000o\000\040\000d\000e\000\040\000R\000e\000s\000t\000r\000i\000c\000c\000i\000o\000n\000e\000s}{section.4}% 16
\BOOKMARK [2][]{subsection.4.3}{\376\377\000F\000u\000n\000c\000i\000\363\000n\000\040\000O\000b\000j\000e\000t\000i\000v\000o\000\040\000y\000\040\000E\000v\000a\000l\000u\000a\000c\000i\000\363\000n\000\040\000I\000n\000c\000r\000e\000m\000e\000n\000t\000a\000l}{section.4}% 17
\BOOKMARK [2][]{subsection.4.4}{\376\377\000E\000s\000t\000r\000u\000c\000t\000u\000r\000a\000\040\000d\000e\000\040\000V\000e\000c\000i\000n\000d\000a\000r\000i\000o}{section.4}% 18
\BOOKMARK [1][]{section.5}{\376\377\000E\000x\000p\000e\000r\000i\000m\000e\000n\000t\000a\000c\000i\000\363\000n\000\040\000C\000o\000m\000p\000u\000t\000a\000c\000i\000o\000n\000a\000l}{}% 19
\BOOKMARK [2][]{subsection.5.1}{\376\377\000A\000m\000b\000i\000e\000n\000t\000e\000\040\000d\000e\000\040\000P\000r\000u\000e\000b\000a\000s\000\040\000y\000\040\000P\000a\000r\000\341\000m\000e\000t\000r\000o\000s}{section.5}% 20
\BOOKMARK [2][]{subsection.5.2}{\376\377\000R\000e\000s\000u\000l\000t\000a\000d\000o\000s\000\040\000p\000o\000r\000\040\000I\000n\000s\000t\000a\000n\000c\000i\000a}{section.5}% 21
\BOOKMARK [3][]{subsubsection.5.2.1}{\376\377\000I\000n\000s\000t\000a\000n\000c\000i\000a\000\040\000b\000u\000r\0002\0006\000c}{subsection.5.2}% 22
\BOOKMARK [3][]{subsubsection.5.2.2}{\376\377\000I\000n\000s\000t\000a\000n\000c\000i\000a\000\040\000c\000h\000r\0002\0005\000a}{subsection.5.2}% 23
\BOOKMARK [3][]{subsubsection.5.2.3}{\376\377\000I\000n\000s\000t\000a\000n\000c\000i\000a\000\040\000e\000s\000c\0003\0002\000h}{subsection.5.2}% 24
\BOOKMARK [3][]{subsubsection.5.2.4}{\376\377\000I\000n\000s\000t\000a\000n\000c\000i\000a\000\040\000e\000s\000c\0006\0004\000a}{subsection.5.2}% 25
\BOOKMARK [3][]{subsubsection.5.2.5}{\376\377\000I\000n\000s\000t\000a\000n\000c\000i\000a\000\040\000l\000i\000p\000a\0006\0000\000a}{subsection.5.2}% 26
\BOOKMARK [3][]{subsubsection.5.2.6}{\376\377\000I\000n\000s\000t\000a\000n\000c\000i\000a\000\040\000t\000a\000i\0008\0000\000a}{subsection.5.2}% 27
\BOOKMARK [3][]{subsubsection.5.2.7}{\376\377\000I\000n\000s\000t\000a\000n\000c\000i\000a\000\040\000t\000a\000i\0008\0000\000b}{subsection.5.2}% 28
\BOOKMARK [3][]{subsubsection.5.2.8}{\376\377\000I\000n\000s\000t\000a\000n\000c\000i\000a\000\040\000t\000h\000o\0001\0005\0000}{subsection.5.2}% 29
\BOOKMARK [2][]{subsection.5.3}{\376\377\000R\000e\000s\000u\000l\000t\000a\000d\000o\000s\000\040\000G\000l\000o\000b\000a\000l\000e\000s}{section.5}% 30
\BOOKMARK [1][]{section.6}{\376\377\000C\000o\000n\000c\000l\000u\000s\000i\000o\000n\000e\000s\000\040\000y\000\040\000C\000o\000m\000e\000n\000t\000a\000r\000i\000o\000s\000\040\000F\000i\000n\000a\000l\000e\000s}{}% 31
\BOOKMARK [1][]{section.6}{\376\377\000B\000i\000b\000l\000i\000o\000g\000r\000a\000f\000\355\000a}{}% 32
